<?xml version="1.0" encoding="UTF-8"?>
<!-- Generated by org.testng.reporters.JUnitXMLReporter -->
<testsuite hostname="hiran-PC" ignored="0" name="Default test" tests="4" failures="0" timestamp="01 Nov 2020 23:58:23 GMT" time="10.978" errors="0">
  <testcase name="corto" time="8.042" classname="api.ApiTesting"/>
  <testcase name="getbody" time="0.937" classname="api.ApiTesting"/>
  <testcase name="largo" time="0.931" classname="api.ApiTesting"/>
  <testcase name="testResponsecode" time="0.893" classname="api.ApiTesting"/>
</testsuite> <!-- Default test -->
