<?xml version="1.0" encoding="UTF-8"?>
<testng-results skipped="0" failed="0" ignored="0" total="2" passed="2">
  <reporter-output>
  </reporter-output>
  <suite name="Default suite" duration-ms="6087" started-at="2019-08-20T12:21:40Z" finished-at="2019-08-20T12:21:46Z">
    <groups>
    </groups>
    <test name="Default test" duration-ms="6087" started-at="2019-08-20T12:21:40Z" finished-at="2019-08-20T12:21:46Z">
      <class name="yesNoApi.ApiTesting">
        <test-method status="PASS" signature="getbody()[pri:0, instance:yesNoApi.ApiTesting@1c62251]" name="getbody" duration-ms="5652" started-at="2019-08-20T12:21:40Z" finished-at="2019-08-20T12:21:46Z">
          <reporter-output>
          </reporter-output>
        </test-method> <!-- getbody -->
        <test-method status="PASS" signature="testResponsecode()[pri:0, instance:yesNoApi.ApiTesting@1c62251]" name="testResponsecode" duration-ms="314" started-at="2019-08-20T12:21:46Z" finished-at="2019-08-20T12:21:46Z">
          <reporter-output>
          </reporter-output>
        </test-method> <!-- testResponsecode -->
      </class> <!-- yesNoApi.ApiTesting -->
    </test> <!-- Default test -->
  </suite> <!-- Default suite -->
</testng-results>
